Aktualizowanie i ładowanie repozytoriów:
Załadowano repozytoria.
Pakiet                       Arch.  Wersja                   Repozytorium   Rozmiar
Instalowanie:
 adobe-source-code-pro-fonts noarch 2.042.1.062.1.026-6.fc42 fedora         1.6 MiB

Podsumowanie transakcji:
 Instalowanie:                          1 pakietu

Całkowity rozmiar pakietów przychodzących wynosi 806 KiB. Należy pobrać 806 KiB.
Po tej operacji zostanie użyte dodatkowo 2 MiB (zainstaluje 2 MiB, usunie 0 B).
[1/1] adobe-source-code-pro-fonts-0:2.0 100% |   3.3 MiB/s | 806.3 KiB |  00m00s
--------------------------------------------------------------------------------
[1/1] Razem                             100% |   1.0 MiB/s | 806.3 KiB |  00m01s
Wykonywanie transakcji
[1/3] Weryfikowanie plików pakietu     100% | 250.0   B/s |   1.0   B |  00m00s
[2/3] Przygotowywanie transakcji        100% |  13.0   B/s |   1.0   B |  00m00s
[3/3] Instaluję adobe-source-code-pro- 100% |   9.0 MiB/s |   1.6 MiB |  00m00s
Ukończono!
Aktualizowanie i ładowanie repozytoriów:
Załadowano repozytoria.
Pakiet           Arch.  Wersja      Repozytorium   Rozmiar
Instalowanie:
 fira-code-fonts noarch 6.2-10.fc42 fedora         1.7 MiB

Podsumowanie transakcji:
 Instalowanie:                          1 pakietu

Całkowity rozmiar pakietów przychodzących wynosi 425 KiB. Należy pobrać 425 KiB.
Po tej operacji zostanie użyte dodatkowo 2 MiB (zainstaluje 2 MiB, usunie 0 B).
[1/1] fira-code-fonts-0:6.2-10.fc42.noa 100% |   1.8 MiB/s | 425.4 KiB |  00m00s
--------------------------------------------------------------------------------
[1/1] Razem                             100% | 526.5 KiB/s | 425.4 KiB |  00m01s
Wykonywanie transakcji
[1/3] Weryfikowanie plików pakietu     100% | 200.0   B/s |   1.0   B |  00m00s
[2/3] Przygotowywanie transakcji        100% |  14.0   B/s |   1.0   B |  00m00s
[3/3] Instaluję fira-code-fonts-0:6.2- 100% |   9.3 MiB/s |   1.7 MiB |  00m00s
Ukończono!
Aktualizowanie i ładowanie repozytoriów:
Załadowano repozytoria.
Pakiet                 Arch.  Wersja         Repozytorium   Rozmiar
Instalowanie:
 fontawesome-fonts-all noarch 1:6.7.2-2.fc42 fedora         0.0   B

Podsumowanie transakcji:
 Instalowanie:                          1 pakietu

Całkowity rozmiar pakietów przychodzących wynosi 8 KiB. Należy pobrać 8 KiB.
Po tej operacji zostanie użyte dodatkowo 0 B (zainstaluje 0 B, usunie 0 B).
[1/1] fontawesome-fonts-all-1:6.7.2-2.f 100% | 105.3 KiB/s |   8.4 KiB |  00m00s
--------------------------------------------------------------------------------
[1/1] Razem                             100% |  11.4 KiB/s |   8.4 KiB |  00m01s
Wykonywanie transakcji
[1/3] Weryfikowanie plików pakietu     100% | 500.0   B/s |   1.0   B |  00m00s
[2/3] Przygotowywanie transakcji        100% |  14.0   B/s |   1.0   B |  00m00s
[3/3] Instaluję fontawesome-fonts-all- 100% |   1.0 KiB/s | 124.0   B |  00m00s
Ukończono!
Aktualizowanie i ładowanie repozytoriów:
Załadowano repozytoria.
Pakiet                      Arch.  Wersja         Repozytorium   Rozmiar
Instalowanie:
 google-noto-sans-cjk-fonts noarch 1:2.004-9.fc42 fedora       124.6 MiB

Podsumowanie transakcji:
 Instalowanie:                          1 pakietu

Całkowity rozmiar pakietów przychodzących wynosi 80 MiB. Należy pobrać 80 MiB.
Po tej operacji zostanie użyte dodatkowo 125 MiB (zainstaluje 125 MiB, usunie 0 B).
[1/1] google-noto-sans-cjk-fonts-1:2.00 100% |   6.0 MiB/s |  80.5 MiB |  00m13s
--------------------------------------------------------------------------------
[1/1] Razem                             100% |   5.7 MiB/s |  80.5 MiB |  00m14s
Wykonywanie transakcji
[1/3] Weryfikowanie plików pakietu     100% |   4.0   B/s |   1.0   B |  00m00s
[2/3] Przygotowywanie transakcji        100% |  15.0   B/s |   1.0   B |  00m00s
[3/3] Instaluję google-noto-sans-cjk-f 100% | 118.4 MiB/s | 124.6 MiB |  00m01s
Ukończono!
Aktualizowanie i ładowanie repozytoriów:
Załadowano repozytoria.
Pakiet                         Arch.  Wersja          Repozytorium   Rozmiar
Instalowanie:
 google-noto-color-emoji-fonts noarch 20241008-2.fc42 fedora        10.1 MiB

Podsumowanie transakcji:
 Instalowanie:                          1 pakietu

Całkowity rozmiar pakietów przychodzących wynosi 9 MiB. Należy pobrać 9 MiB.
Po tej operacji zostanie użyte dodatkowo 10 MiB (zainstaluje 10 MiB, usunie 0 B).
[1/1] google-noto-color-emoji-fonts-0:2 100% |   9.9 MiB/s |   9.2 MiB |  00m01s
--------------------------------------------------------------------------------
[1/1] Razem                             100% |   3.6 MiB/s |   9.2 MiB |  00m03s
Wykonywanie transakcji
[1/3] Weryfikowanie plików pakietu     100% |  32.0   B/s |   1.0   B |  00m00s
[2/3] Przygotowywanie transakcji        100% |  13.0   B/s |   1.0   B |  00m00s
[3/3] Instaluję google-noto-color-emoj 100% |  47.0 MiB/s |  10.1 MiB |  00m00s
Ukończono!
Aktualizowanie i ładowanie repozytoriów:
Załadowano repozytoria.
Pakiet                   Arch.  Wersja          Repozytorium   Rozmiar
Instalowanie:
 google-noto-emoji-fonts noarch 20241008-2.fc42 fedora       874.6 KiB

Podsumowanie transakcji:
 Instalowanie:                          1 pakietu

Całkowity rozmiar pakietów przychodzących wynosi 542 KiB. Należy pobrać 542 KiB.
Po tej operacji zostanie użyte dodatkowo 875 KiB (zainstaluje 875 KiB, usunie 0 B).
[1/1] google-noto-emoji-fonts-0:2024100 100% |   2.7 MiB/s | 541.7 KiB |  00m00s
--------------------------------------------------------------------------------
[1/1] Razem                             100% | 664.6 KiB/s | 541.7 KiB |  00m01s
Wykonywanie transakcji
[1/3] Weryfikowanie plików pakietu     100% | 333.0   B/s |   1.0   B |  00m00s
[2/3] Przygotowywanie transakcji        100% |  13.0   B/s |   1.0   B |  00m00s
[3/3] Instaluję google-noto-emoji-font 100% |   5.1 MiB/s | 876.6 KiB |  00m00s
Ukończono!
Aktualizowanie i ładowanie repozytoriów:
Załadowano repozytoria.
Pakiet                Arch.  Wersja       Repozytorium   Rozmiar
Instalowanie:
 jetbrains-mono-fonts noarch 2.304-8.fc42 fedora         2.3 MiB

Podsumowanie transakcji:
 Instalowanie:                          1 pakietu

Całkowity rozmiar pakietów przychodzących wynosi 772 KiB. Należy pobrać 772 KiB.
Po tej operacji zostanie użyte dodatkowo 2 MiB (zainstaluje 2 MiB, usunie 0 B).
[1/1] jetbrains-mono-fonts-0:2.304-8.fc 100% |   2.7 MiB/s | 772.1 KiB |  00m00s
--------------------------------------------------------------------------------
[1/1] Razem                             100% | 968.8 KiB/s | 772.1 KiB |  00m01s
Wykonywanie transakcji
[1/3] Weryfikowanie plików pakietu     100% | 142.0   B/s |   1.0   B |  00m00s
[2/3] Przygotowywanie transakcji        100% |  14.0   B/s |   1.0   B |  00m00s
[3/3] Instaluję jetbrains-mono-fonts-0 100% |  12.6 MiB/s |   2.3 MiB |  00m00s
Ukończono!
  % Total    % Received % Xferd  Average Speed   Time    Time     Time  Current
                                 Dload  Upload   Total   Spent    Left  Speed
  0     0    0     0    0     0      0      0 --:--:-- --:--:-- --:--:--     0  0     0    0     0    0     0      0      0 --:--:-- --:--:-- --:--:--     0  0     0    0     0    0     0      0      0 --:--:-- --:--:-- --:--:--     0
  0     0    0     0    0     0      0      0 --:--:-- --:--:-- --:--:--     0
  0 6071k    0     0    0     0      0      0 --:--:--  0:00:01 --:--:--     0100 6071k  100 6071k    0     0  3639k      0  0:00:01  0:00:01 --:--:-- 12.1M

[31m[ERROR][m Failed to download [33mFantasque Sans Mono Nerd Font[m Please check your connection


[31m[ERROR][m Failed to download [33mVictor Mono Font[m Please check your connection

Font directories:
	/home/krzysiek/.local/share/fonts
	/usr/local/share/fonts
	/usr/share/fonts
	/home/krzysiek/.fonts
	/home/krzysiek/.local/share/fonts/JetBrainsMonoNerd
	/usr/share/fonts/abattis-cantarell-vf-fonts
	/usr/share/fonts/adobe-source-code-pro-fonts
	/usr/share/fonts/adwaita-mono-fonts
	/usr/share/fonts/adwaita-sans-fonts
	/usr/share/fonts/dejavu-sans-fonts
	/usr/share/fonts/fira-code
	/usr/share/fonts/fontawesome
	/usr/share/fonts/fontawesome-6-brands-fonts
	/usr/share/fonts/fontawesome-6-free-fonts
	/usr/share/fonts/google-droid-sans-fonts
	/usr/share/fonts/google-noto-color-emoji-fonts
	/usr/share/fonts/google-noto-emoji-fonts
	/usr/share/fonts/google-noto-sans-cjk-fonts
	/usr/share/fonts/google-noto-vf
	/usr/share/fonts/jetbrains-mono-fonts
	/usr/share/fonts/open-sans
	/usr/share/fonts/urw-base35
/home/krzysiek/.local/share/fonts: skipping, existing cache is valid: 0 fonts, 1 dirs
/home/krzysiek/.local/share/fonts/JetBrainsMonoNerd: skipping, existing cache is valid: 96 fonts, 0 dirs
/usr/local/share/fonts: skipping, no such directory
/usr/share/fonts: skipping, existing cache is valid: 0 fonts, 17 dirs
/usr/share/fonts/abattis-cantarell-vf-fonts: skipping, existing cache is valid: 6 fonts, 0 dirs
/usr/share/fonts/adobe-source-code-pro-fonts: skipping, existing cache is valid: 14 fonts, 0 dirs
/usr/share/fonts/adwaita-mono-fonts: skipping, existing cache is valid: 4 fonts, 0 dirs
/usr/share/fonts/adwaita-sans-fonts: skipping, existing cache is valid: 20 fonts, 0 dirs
/usr/share/fonts/dejavu-sans-fonts: skipping, existing cache is valid: 9 fonts, 0 dirs
/usr/share/fonts/fira-code: skipping, existing cache is valid: 6 fonts, 0 dirs
/usr/share/fonts/fontawesome: skipping, existing cache is valid: 2 fonts, 0 dirs
/usr/share/fonts/fontawesome-6-brands-fonts: skipping, existing cache is valid: 1 fonts, 0 dirs
/usr/share/fonts/fontawesome-6-free-fonts: skipping, existing cache is valid: 2 fonts, 0 dirs
/usr/share/fonts/google-droid-sans-fonts: skipping, existing cache is valid: 16 fonts, 0 dirs
/usr/share/fonts/google-noto-color-emoji-fonts: skipping, existing cache is valid: 1 fonts, 0 dirs
/usr/share/fonts/google-noto-emoji-fonts: skipping, existing cache is valid: 1 fonts, 0 dirs
/usr/share/fonts/google-noto-sans-cjk-fonts: skipping, existing cache is valid: 45 fonts, 0 dirs
/usr/share/fonts/google-noto-vf: skipping, existing cache is valid: 25 fonts, 0 dirs
/usr/share/fonts/jetbrains-mono-fonts: skipping, existing cache is valid: 16 fonts, 0 dirs
/usr/share/fonts/open-sans: skipping, existing cache is valid: 10 fonts, 0 dirs
/usr/share/fonts/urw-base35: skipping, existing cache is valid: 70 fonts, 0 dirs
/home/krzysiek/.fonts: skipping, no such directory
/home/krzysiek/.local/share/fonts/JetBrainsMonoNerd: skipping, looped directory detected
/usr/share/fonts/abattis-cantarell-vf-fonts: skipping, looped directory detected
/usr/share/fonts/adobe-source-code-pro-fonts: skipping, looped directory detected
/usr/share/fonts/adwaita-mono-fonts: skipping, looped directory detected
/usr/share/fonts/adwaita-sans-fonts: skipping, looped directory detected
/usr/share/fonts/dejavu-sans-fonts: skipping, looped directory detected
/usr/share/fonts/fira-code: skipping, looped directory detected
/usr/share/fonts/fontawesome: skipping, looped directory detected
/usr/share/fonts/fontawesome-6-brands-fonts: skipping, looped directory detected
/usr/share/fonts/fontawesome-6-free-fonts: skipping, looped directory detected
/usr/share/fonts/google-droid-sans-fonts: skipping, looped directory detected
/usr/share/fonts/google-noto-color-emoji-fonts: skipping, looped directory detected
/usr/share/fonts/google-noto-emoji-fonts: skipping, looped directory detected
/usr/share/fonts/google-noto-sans-cjk-fonts: skipping, looped directory detected
/usr/share/fonts/google-noto-vf: skipping, looped directory detected
/usr/share/fonts/jetbrains-mono-fonts: skipping, looped directory detected
/usr/share/fonts/open-sans: skipping, looped directory detected
/usr/share/fonts/urw-base35: skipping, looped directory detected
/usr/lib/fontconfig/cache: not cleaning unwritable cache directory
/home/krzysiek/.cache/fontconfig: cleaning cache directory
/home/krzysiek/.fontconfig: not cleaning non-existent cache directory
/usr/bin/fc-cache-64: succeeded
