Aktualizowanie i ładowanie repozytoriów:
Załadowano repozytoria.
Pakiet            Arch.  Wersja            Repozytorium   Rozmiar
Instalowanie:
 cmake            x86_64 3.31.6-2.fc42     fedora        34.2 MiB
Instalowanie zależności:
 cmake-data       noarch 3.31.6-2.fc42     fedora         8.5 MiB
 cmake-filesystem x86_64 3.31.6-2.fc42     fedora         0.0   B
 make             x86_64 1:4.4.1-10.fc42   fedora         1.8 MiB
 rhash            x86_64 1.4.5-2.fc42      fedora       351.0 KiB
 vim-filesystem   noarch 2:9.1.1435-1.fc42 updates       40.0   B

Podsumowanie transakcji:
 Instalowanie:                          6 pakietów

Całkowity rozmiar pakietów przychodzących wynosi 15 MiB. Należy pobrać 15 MiB.
Po tej operacji zostanie użyte dodatkowo 45 MiB (zainstaluje 45 MiB, usunie 0 B).
[1/6] cmake-filesystem-0:3.31.6-2.fc42. 100% | 159.9 KiB/s |  17.6 KiB |  00m00s
[2/6] vim-filesystem-2:9.1.1435-1.fc42. 100% | 765.5 KiB/s |  15.3 KiB |  00m00s
[3/6] make-1:4.4.1-10.fc42.x86_64       100% |   1.8 MiB/s | 587.0 KiB |  00m00s
[4/6] rhash-0:1.4.5-2.fc42.x86_64       100% | 611.4 KiB/s | 198.7 KiB |  00m00s
[5/6] cmake-data-0:3.31.6-2.fc42.noarch 100% |   4.3 MiB/s |   2.5 MiB |  00m01s
[6/6] cmake-0:3.31.6-2.fc42.x86_64      100% |   6.2 MiB/s |  12.2 MiB |  00m02s
--------------------------------------------------------------------------------
[6/6] Razem                             100% |   4.9 MiB/s |  15.5 MiB |  00m03s
Wykonywanie transakcji
[1/8] Weryfikowanie plików pakietu     100% | 120.0   B/s |   6.0   B |  00m00s
[2/8] Przygotowywanie transakcji        100% |  34.0   B/s |   6.0   B |  00m00s
[3/8] Instaluję cmake-filesystem-0:3.3 100% | 399.5 KiB/s |   7.6 KiB |  00m00s
[4/8] Instaluję vim-filesystem-2:9.1.1 100% | 589.8 KiB/s |   4.7 KiB |  00m00s
[5/8] Instaluję rhash-0:1.4.5-2.fc42.x 100% |  12.9 MiB/s | 356.4 KiB |  00m00s
[6/8] Instaluję make-1:4.4.1-10.fc42.x 100% |  45.0 MiB/s |   1.8 MiB |  00m00s
[7/8] Instaluję cmake-data-0:3.31.6-2. 100% |  20.9 MiB/s |   9.1 MiB |  00m00s
[8/8] Instaluję cmake-0:3.31.6-2.fc42. 100% |  53.7 MiB/s |  34.2 MiB |  00m01s
Ukończono!
Aktualizowanie i ładowanie repozytoriów:
Załadowano repozytoria.
Pakiet            Arch.  Wersja                    Repozytorium   Rozmiar
Instalowanie:
 typescript       noarch 5.7.3-2.fc42              fedora        21.6 MiB
Instalowanie zależności:
 nodejs           x86_64 1:22.16.0-1.fc42          updates      154.4 KiB
 nodejs-libs      x86_64 1:22.16.0-1.fc42          updates       79.1 MiB
Instalowanie słabych zależności:
 nodejs-docs      noarch 1:22.16.0-1.fc42          updates       95.6 MiB
 nodejs-full-i18n x86_64 1:22.16.0-1.fc42          updates       30.4 MiB
 nodejs-npm       x86_64 1:10.9.2-1.22.16.0.1.fc42 updates        9.3 MiB

Podsumowanie transakcji:
 Instalowanie:                          6 pakietów

Całkowity rozmiar pakietów przychodzących wynosi 42 MiB. Należy pobrać 42 MiB.
Po tej operacji zostanie użyte dodatkowo 236 MiB (zainstaluje 236 MiB, usunie 0 B).
[1/6] nodejs-1:22.16.0-1.fc42.x86_64    100% | 788.7 KiB/s |  45.7 KiB |  00m00s
[2/6] nodejs-npm-1:10.9.2-1.22.16.0.1.f 100% |   4.7 MiB/s |   2.4 MiB |  00m01s
[3/6] typescript-0:5.7.3-2.fc42.noarch  100% |   1.6 MiB/s |   2.6 MiB |  00m02s
[4/6] nodejs-full-i18n-1:22.16.0-1.fc42 100% |   1.9 MiB/s |   8.5 MiB |  00m04s
[5/6] nodejs-docs-1:22.16.0-1.fc42.noar 100% |   1.8 MiB/s |   8.9 MiB |  00m05s
[6/6] nodejs-libs-1:22.16.0-1.fc42.x86_ 100% |   3.0 MiB/s |  19.8 MiB |  00m07s
--------------------------------------------------------------------------------
[6/6] Razem                             100% |   5.5 MiB/s |  42.4 MiB |  00m08s
Wykonywanie transakcji
[1/8] Weryfikowanie plików pakietu     100% |  46.0   B/s |   6.0   B |  00m00s
[2/8] Przygotowywanie transakcji        100% |  34.0   B/s |   6.0   B |  00m00s
[3/8] Instaluję nodejs-libs-1:22.16.0- 100% | 305.6 MiB/s |  79.1 MiB |  00m00s
[4/8] Instaluję nodejs-1:22.16.0-1.fc4 100% |   5.9 MiB/s | 156.5 KiB |  00m00s
[5/8] Instaluję typescript-0:5.7.3-2.f 100% | 228.1 MiB/s |  21.7 MiB |  00m00s
[6/8] Instaluję nodejs-npm-1:10.9.2-1. 100% |  25.3 MiB/s |   9.8 MiB |  00m00s
[7/8] Instaluję nodejs-full-i18n-1:22. 100% | 274.0 MiB/s |  30.4 MiB |  00m00s
[8/8] Instaluję nodejs-docs-1:22.16.0- 100% |  69.9 MiB/s |  95.7 MiB |  00m01s
Ukończono!
Aktualizowanie i ładowanie repozytoriów:
Załadowano repozytoria.
Pakiet              Arch.  Wersja        Repozytorium   Rozmiar
Instalowanie:
 meson              noarch 1.7.2-1.fc42  updates       11.6 MiB
Instalowanie zależności:
 ninja-build        x86_64 1.12.1-4.fc42 fedora       456.2 KiB
 python3-setuptools noarch 74.1.3-5.fc42 fedora         8.4 MiB

Podsumowanie transakcji:
 Instalowanie:                          3 pakietów

Całkowity rozmiar pakietów przychodzących wynosi 4 MiB. Należy pobrać 4 MiB.
Po tej operacji zostanie użyte dodatkowo 20 MiB (zainstaluje 20 MiB, usunie 0 B).
[1/3] ninja-build-0:1.12.1-4.fc42.x86_6 100% |   1.0 MiB/s | 187.8 KiB |  00m00s
[2/3] meson-0:1.7.2-1.fc42.noarch       100% |   7.6 MiB/s |   2.2 MiB |  00m00s
[3/3] python3-setuptools-0:74.1.3-5.fc4 100% |   5.6 MiB/s |   2.0 MiB |  00m00s
--------------------------------------------------------------------------------
[3/3] Razem                             100% |   3.0 MiB/s |   4.4 MiB |  00m01s
Wykonywanie transakcji
[1/5] Weryfikowanie plików pakietu     100% | 176.0   B/s |   3.0   B |  00m00s
[2/5] Przygotowywanie transakcji        100% |  17.0   B/s |   3.0   B |  00m00s
[3/5] Instaluję python3-setuptools-0:7 100% |  53.5 MiB/s |   8.6 MiB |  00m00s
[4/5] Instaluję ninja-build-0:1.12.1-4 100% |  16.0 MiB/s | 459.5 KiB |  00m00s
[5/5] Instaluję meson-0:1.7.2-1.fc42.n 100% |  19.0 MiB/s |  11.8 MiB |  00m01s
Ukończono!
Aktualizowanie i ładowanie repozytoriów:
Załadowano repozytoria.
Pakiet    Arch.  Wersja          Repozytorium   Rozmiar
Instalowanie:
 gjs      x86_64 1.82.1-4.fc42   fedora         1.6 MiB
Instalowanie zależności:
 mozjs128 x86_64 128.11.0-1.fc42 updates       19.1 MiB

Podsumowanie transakcji:
 Instalowanie:                          2 pakietów

Całkowity rozmiar pakietów przychodzących wynosi 7 MiB. Należy pobrać 7 MiB.
Po tej operacji zostanie użyte dodatkowo 21 MiB (zainstaluje 21 MiB, usunie 0 B).
[1/2] gjs-0:1.82.1-4.fc42.x86_64        100% |   1.8 MiB/s | 532.2 KiB |  00m00s
[2/2] mozjs128-0:128.11.0-1.fc42.x86_64 100% |   9.6 MiB/s |   6.8 MiB |  00m01s
--------------------------------------------------------------------------------
[2/2] Razem                             100% |   3.9 MiB/s |   7.3 MiB |  00m02s
Wykonywanie transakcji
[1/4] Weryfikowanie plików pakietu     100% |  80.0   B/s |   2.0   B |  00m00s
[2/4] Przygotowywanie transakcji        100% |  13.0   B/s |   2.0   B |  00m00s
[3/4] Instaluję mozjs128-0:128.11.0-1. 100% | 230.3 MiB/s |  19.1 MiB |  00m00s
[4/4] Instaluję gjs-0:1.82.1-4.fc42.x8 100% |   6.4 MiB/s |   1.6 MiB |  00m00s
Ukończono!
Aktualizowanie i ładowanie repozytoriów:
Załadowano repozytoria.
Pakiet                       Arch.  Wersja             Repozytorium   Rozmiar
Instalowanie:
 gjs-devel                   x86_64 1.82.1-4.fc42      fedora        88.9 KiB
Instalowanie zależności:
 autoconf                    noarch 2.72-5.fc42        fedora         2.8 MiB
 automake                    noarch 1.17-2.fc42        fedora         1.8 MiB
 binutils                    x86_64 2.44-3.fc42        fedora        25.9 MiB
 brotli                      x86_64 1.1.0-6.fc42       fedora        31.6 KiB
 brotli-devel                x86_64 1.1.0-6.fc42       fedora        65.6 KiB
 bzip2-devel                 x86_64 1.0.8-20.fc42      fedora       309.8 KiB
 cairo-devel                 x86_64 1.18.2-3.fc42      fedora         2.3 MiB
 cairo-gobject-devel         x86_64 1.18.2-3.fc42      fedora         7.0 KiB
 fontconfig-devel            x86_64 2.16.0-2.fc42      fedora       119.3 KiB
 freetype-devel              x86_64 2.13.3-2.fc42      fedora         8.5 MiB
 gcc                         x86_64 15.1.1-2.fc42      updates      111.1 MiB
 gettext                     x86_64 0.23.1-2.fc42      fedora         5.2 MiB
 glib2-devel                 x86_64 2.84.2-1.fc42      updates       15.8 MiB
 glibc-devel                 x86_64 2.41-5.fc42        updates        2.3 MiB
 gobject-introspection-devel x86_64 1.84.0-1.fc42      fedora         3.1 MiB
 graphite2-devel             x86_64 1.3.14-18.fc42     fedora        49.3 KiB
 harfbuzz-cairo              x86_64 10.4.0-1.fc42      fedora        52.1 KiB
 harfbuzz-devel              x86_64 10.4.0-1.fc42      fedora         5.1 MiB
 harfbuzz-icu                x86_64 10.4.0-1.fc42      fedora        15.4 KiB
 kernel-headers              x86_64 6.14.3-300.fc42    updates        6.5 MiB
 libX11-devel                x86_64 1.8.11-1.fc42      fedora         1.0 MiB
 libXau-devel                x86_64 1.0.12-2.fc42      fedora         7.5 KiB
 libXext-devel               x86_64 1.3.6-3.fc42       fedora        98.9 KiB
 libXrender-devel            x86_64 0.9.12-2.fc42      fedora        50.1 KiB
 libblkid-devel              x86_64 2.40.4-7.fc42      fedora        44.9 KiB
 libffi-devel                x86_64 3.4.6-5.fc42       fedora        33.1 KiB
 libicu-devel                x86_64 76.1-4.fc42        fedora         5.0 MiB
 libmount-devel              x86_64 2.40.4-7.fc42      fedora        63.5 KiB
 libpng-devel                x86_64 2:1.6.44-2.fc42    fedora       877.7 KiB
 libselinux-devel            x86_64 3.8-2.fc42         updates      126.8 KiB
 libsepol-devel              x86_64 3.8-1.fc42         fedora       120.8 KiB
 libtool                     x86_64 2.5.4-4.fc42       fedora         2.7 MiB
 libxcb-devel                x86_64 1.17.0-5.fc42      fedora         2.7 MiB
 libxcrypt-devel             x86_64 4.4.38-7.fc42      updates       30.8 KiB
 libxml2-devel               x86_64 2.12.10-1.fc42     fedora         3.4 MiB
 m4                          x86_64 1.4.19-12.fc42     fedora       588.7 KiB
 mozjs128-devel              x86_64 128.11.0-1.fc42    updates       22.4 MiB
 pcre2-devel                 x86_64 10.45-1.fc42       fedora         2.1 MiB
 pcre2-utf32                 x86_64 10.45-1.fc42       fedora       598.2 KiB
 perl-File-Compare           noarch 1.100.800-517.fc42 updates        5.6 KiB
 perl-Thread-Queue           noarch 3.14-512.fc42      fedora        28.9 KiB
 perl-threads                x86_64 1:2.40-512.fc42    fedora       115.0 KiB
 perl-threads-shared         x86_64 1.69-512.fc42      fedora        83.6 KiB
 pixman-devel                x86_64 0.44.2-2.fc42      fedora        49.4 KiB
 python3-cffi                x86_64 1.17.1-2.fc42      fedora         1.3 MiB
 python3-cryptography        x86_64 44.0.0-3.fc42      fedora         5.0 MiB
 python3-mako                noarch 1.2.3-9.fc42       fedora       701.2 KiB
 python3-markdown            noarch 3.7-4.fc42         fedora       689.1 KiB
 python3-markupsafe          x86_64 3.0.2-2.fc42       fedora        55.8 KiB
 python3-packaging           noarch 24.2-3.fc42        fedora       555.7 KiB
 python3-paste               noarch 3.10.1-6.fc42      fedora         2.6 MiB
 python3-ply                 noarch 3.11-26.fc42       fedora       565.1 KiB
 python3-pyOpenSSL           noarch 25.0.0-1.fc42      fedora       685.6 KiB
 python3-pycparser           noarch 2.20-19.fc42       fedora       800.6 KiB
 sysprof-capture-devel       x86_64 48.0-1.fc42        fedora       273.8 KiB
 xorg-x11-proto-devel        noarch 2024.1-4.fc42      fedora         1.7 MiB
 xz-devel                    x86_64 1:5.8.1-2.fc42     updates      258.8 KiB
 zlib-ng-compat-devel        x86_64 2.2.4-3.fc42       fedora       107.0 KiB
Instalowanie słabych zależności:
 python3-beaker              noarch 1.12.1-9.fc42      fedora       482.9 KiB
 python3-crypto              x86_64 2.6.1-54.fc42      fedora         2.2 MiB

Podsumowanie transakcji:
 Instalowanie:                         61 pakietów

Całkowity rozmiar pakietów przychodzących wynosi 73 MiB. Należy pobrać 73 MiB.
Po tej operacji zostanie użyte dodatkowo 251 MiB (zainstaluje 251 MiB, usunie 0 B).
[ 1/61] python3-packaging-0:24.2-3.fc42 100% |   1.8 MiB/s | 154.0 KiB |  00m00s
[ 2/61] gjs-devel-0:1.82.1-4.fc42.x86_6 100% | 781.0 KiB/s |  70.3 KiB |  00m00s
[ 3/61] cairo-devel-0:1.18.2-3.fc42.x86 100% |   1.7 MiB/s | 192.1 KiB |  00m00s
[ 4/61] cairo-gobject-devel-0:1.18.2-3. 100% | 389.6 KiB/s |  11.3 KiB |  00m00s
[ 5/61] python3-mako-0:1.2.3-9.fc42.noa 100% |   3.0 MiB/s | 218.1 KiB |  00m00s
[ 6/61] gobject-introspection-devel-0:1 100% |   3.1 MiB/s | 473.7 KiB |  00m00s
[ 7/61] python3-markdown-0:3.7-4.fc42.n 100% |   2.4 MiB/s | 210.3 KiB |  00m00s
[ 8/61] libtool-0:2.5.4-4.fc42.x86_64   100% |   2.9 MiB/s | 621.4 KiB |  00m00s
[ 9/61] python3-markupsafe-0:3.0.2-2.fc 100% |   1.6 MiB/s |  30.1 KiB |  00m00s
[10/61] m4-0:1.4.19-12.fc42.x86_64      100% |   3.2 MiB/s | 306.4 KiB |  00m00s
[11/61] perl-Thread-Queue-0:3.14-512.fc 100% |   1.1 MiB/s |  21.4 KiB |  00m00s
[12/61] glib2-devel-0:2.84.2-1.fc42.x86 100% |   3.2 MiB/s |   1.5 MiB |  00m00s
[13/61] autoconf-0:2.72-5.fc42.noarch   100% |   3.2 MiB/s | 829.8 KiB |  00m00s
[14/61] perl-threads-1:2.40-512.fc42.x8 100% |   1.1 MiB/s |  58.0 KiB |  00m00s
[15/61] libffi-devel-0:3.4.6-5.fc42.x86 100% |   1.3 MiB/s |  28.8 KiB |  00m00s
[16/61] perl-threads-shared-0:1.69-512. 100% | 337.0 KiB/s |  44.5 KiB |  00m00s
[17/61] automake-0:1.17-2.fc42.noarch   100% |   2.0 MiB/s | 715.7 KiB |  00m00s
[18/61] fontconfig-devel-0:2.16.0-2.fc4 100% |   1.3 MiB/s | 167.3 KiB |  00m00s
[19/61] freetype-devel-0:2.13.3-2.fc42. 100% |   4.0 MiB/s |   1.0 MiB |  00m00s
[20/61] libXext-devel-0:1.3.6-3.fc42.x8 100% |   2.2 MiB/s |  85.3 KiB |  00m00s
[21/61] libXrender-devel-0:0.9.12-2.fc4 100% | 910.1 KiB/s |  19.1 KiB |  00m00s
[22/61] xorg-x11-proto-devel-0:2024.1-4 100% | 932.4 KiB/s | 300.2 KiB |  00m00s
[23/61] zlib-ng-compat-devel-0:2.2.4-3. 100% |   1.1 MiB/s |  38.4 KiB |  00m00s
[24/61] libpng-devel-2:1.6.44-2.fc42.x8 100% |   4.1 MiB/s | 291.9 KiB |  00m00s
[25/61] pixman-devel-0:0.44.2-2.fc42.x8 100% | 790.8 KiB/s |  17.4 KiB |  00m00s
[26/61] perl-File-Compare-0:1.100.800-5 100% | 842.7 KiB/s |  13.5 KiB |  00m00s
[27/61] libselinux-devel-0:3.8-2.fc42.x 100% |   1.3 MiB/s | 151.5 KiB |  00m00s
[28/61] libsepol-devel-0:3.8-1.fc42.x86 100% | 806.8 KiB/s |  48.4 KiB |  00m00s
[29/61] libmount-devel-0:2.40.4-7.fc42. 100% | 919.7 KiB/s |  23.9 KiB |  00m00s
[30/61] pcre2-devel-0:10.45-1.fc42.x86_ 100% |   3.7 MiB/s | 543.4 KiB |  00m00s
[31/61] pcre2-utf32-0:10.45-1.fc42.x86_ 100% |   3.4 MiB/s | 228.7 KiB |  00m00s
[32/61] sysprof-capture-devel-0:48.0-1. 100% |   1.9 MiB/s |  55.8 KiB |  00m00s
[33/61] libXau-devel-0:1.0.12-2.fc42.x8 100% | 636.7 KiB/s |  14.0 KiB |  00m00s
[34/61] gettext-0:0.23.1-2.fc42.x86_64  100% | 901.1 KiB/s |   1.1 MiB |  00m01s
[35/61] libxcb-devel-0:1.17.0-5.fc42.x8 100% |   1.3 MiB/s |   1.4 MiB |  00m01s
[36/61] libblkid-devel-0:2.40.4-7.fc42. 100% |  67.4 KiB/s |  23.0 KiB |  00m00s
[37/61] brotli-devel-0:1.1.0-6.fc42.x86 100% | 848.2 KiB/s |  33.9 KiB |  00m00s
[38/61] libX11-devel-0:1.8.11-1.fc42.x8 100% | 696.8 KiB/s |   1.0 MiB |  00m01s
[39/61] brotli-0:1.1.0-6.fc42.x86_64    100% | 280.9 KiB/s |  19.9 KiB |  00m00s
[40/61] harfbuzz-cairo-0:10.4.0-1.fc42. 100% | 683.1 KiB/s |  30.1 KiB |  00m00s
[41/61] harfbuzz-icu-0:10.4.0-1.fc42.x8 100% | 733.4 KiB/s |  15.4 KiB |  00m00s
[42/61] bzip2-devel-0:1.0.8-20.fc42.x86 100% |   1.3 MiB/s | 213.7 KiB |  00m00s
[43/61] harfbuzz-devel-0:10.4.0-1.fc42. 100% |   1.1 MiB/s | 453.7 KiB |  00m00s
[44/61] libxml2-devel-0:2.12.10-1.fc42. 100% |   1.0 MiB/s | 523.7 KiB |  00m01s
[45/61] xz-devel-1:5.8.1-2.fc42.x86_64  100% |   1.8 MiB/s |  67.0 KiB |  00m00s
[46/61] glibc-devel-0:2.41-5.fc42.x86_6 100% |   1.2 MiB/s | 640.3 KiB |  00m01s
[47/61] graphite2-devel-0:1.3.14-18.fc4 100% | 693.9 KiB/s |  20.8 KiB |  00m00s
[48/61] libicu-devel-0:76.1-4.fc42.x86_ 100% | 851.4 KiB/s | 793.5 KiB |  00m01s
[49/61] libxcrypt-devel-0:4.4.38-7.fc42 100% |   1.3 MiB/s |  29.4 KiB |  00m00s
[50/61] python3-beaker-0:1.12.1-9.fc42. 100% |   1.1 MiB/s | 147.0 KiB |  00m00s
[51/61] kernel-headers-0:6.14.3-300.fc4 100% |   1.2 MiB/s |   1.7 MiB |  00m01s
[52/61] python3-pyOpenSSL-0:25.0.0-1.fc 100% |   1.3 MiB/s | 122.2 KiB |  00m00s
[53/61] python3-paste-0:3.10.1-6.fc42.n 100% | 885.1 KiB/s | 672.7 KiB |  00m01s
[54/61] python3-cffi-0:1.17.1-2.fc42.x8 100% |   1.0 MiB/s | 308.9 KiB |  00m00s
[55/61] mozjs128-devel-0:128.11.0-1.fc4 100% |   1.5 MiB/s |   7.5 MiB |  00m05s
[56/61] python3-ply-0:3.11-26.fc42.noar 100% |   2.8 MiB/s | 136.3 KiB |  00m00s
[57/61] python3-pycparser-0:2.20-19.fc4 100% |   1.0 MiB/s | 159.7 KiB |  00m00s
[58/61] python3-crypto-0:2.6.1-54.fc42. 100% |   3.7 MiB/s | 567.8 KiB |  00m00s
[59/61] python3-cryptography-0:44.0.0-3 100% |   1.0 MiB/s |   1.4 MiB |  00m01s
[60/61] binutils-0:2.44-3.fc42.x86_64   100% |   1.6 MiB/s |   5.8 MiB |  00m04s
[61/61] gcc-0:15.1.1-2.fc42.x86_64      100% |   3.9 MiB/s |  39.4 MiB |  00m10s
--------------------------------------------------------------------------------
[61/61] Razem                           100% |   5.6 MiB/s |  72.6 MiB |  00m13s
Wykonywanie transakcji
[ 1/63] Weryfikowanie plików pakietu   100% | 273.0   B/s |  61.0   B |  00m00s
[ 2/63] Przygotowywanie transakcji      100% | 236.0   B/s |  61.0   B |  00m00s
[ 3/63] Instaluję zlib-ng-compat-devel 100% |   3.8 MiB/s | 108.5 KiB |  00m00s
[ 4/63] Instaluję xorg-x11-proto-devel 100% |  54.0 MiB/s |   1.8 MiB |  00m00s
[ 5/63] Instaluję libpng-devel-2:1.6.4 100% |  34.4 MiB/s | 881.7 KiB |  00m00s
[ 6/63] Instaluję pixman-devel-0:0.44. 100% |  12.3 MiB/s |  50.2 KiB |  00m00s
[ 7/63] Instaluję libffi-devel-0:3.4.6 100% |   6.8 MiB/s |  34.8 KiB |  00m00s
[ 8/63] Instaluję perl-threads-1:2.40- 100% |  19.1 MiB/s | 117.1 KiB |  00m00s
[ 9/63] Instaluję perl-threads-shared- 100% |  14.0 MiB/s |  85.9 KiB |  00m00s
[10/63] Instaluję perl-Thread-Queue-0: 100% |   5.9 MiB/s |  30.4 KiB |  00m00s
[11/63] Instaluję libXau-devel-0:1.0.1 100% | 936.7 KiB/s |   9.4 KiB |  00m00s
[12/63] Instaluję libxcb-devel-0:1.17. 100% |  14.2 MiB/s |   3.1 MiB |  00m00s
[13/63] Instaluję libX11-devel-0:1.8.1 100% |  14.9 MiB/s |   1.1 MiB |  00m00s
[14/63] Instaluję libXext-devel-0:1.3. 100% |   9.8 MiB/s | 110.9 KiB |  00m00s
[15/63] Instaluję libXrender-devel-0:0 100% |  10.0 MiB/s |  51.0 KiB |  00m00s
[16/63] Instaluję python3-ply-0:3.11-2 100% |  61.9 MiB/s | 570.3 KiB |  00m00s
[17/63] Instaluję python3-pycparser-0: 100% |  56.6 MiB/s | 812.0 KiB |  00m00s
[18/63] Instaluję python3-cffi-0:1.17. 100% |  77.9 MiB/s |   1.3 MiB |  00m00s
[19/63] Instaluję python3-cryptography 100% |  78.9 MiB/s |   5.1 MiB |  00m00s
[20/63] Instaluję python3-pyOpenSSL-0: 100% |  67.5 MiB/s | 691.6 KiB |  00m00s
[21/63] Instaluję python3-paste-0:3.10 100% |  52.7 MiB/s |   2.7 MiB |  00m00s
[22/63] Instaluję kernel-headers-0:6.1 100% |  58.2 MiB/s |   6.7 MiB |  00m00s
[23/63] Instaluję libxcrypt-devel-0:4. 100% |   4.0 MiB/s |  33.1 KiB |  00m00s
[24/63] Instaluję glibc-devel-0:2.41-5 100% |  40.9 MiB/s |   2.3 MiB |  00m00s
[25/63] Instaluję libicu-devel-0:76.1- 100% |  87.5 MiB/s |   5.1 MiB |  00m00s
[26/63] Instaluję graphite2-devel-0:1. 100% |   9.9 MiB/s |  50.8 KiB |  00m00s
[27/63] Instaluję xz-devel-1:5.8.1-2.f 100% |  32.1 MiB/s | 262.6 KiB |  00m00s
[28/63] Instaluję libxml2-devel-0:2.12 100% |  68.3 MiB/s |   3.4 MiB |  00m00s
[29/63] Instaluję binutils-0:2.44-3.fc 100% | 177.4 MiB/s |  25.9 MiB |  00m00s
[30/63] Instaluję gcc-0:15.1.1-2.fc42. 100% | 271.8 MiB/s | 111.2 MiB |  00m00s
[31/63] Instaluję harfbuzz-icu-0:10.4. 100% |   3.2 MiB/s |  16.3 KiB |  00m00s
[32/63] Instaluję harfbuzz-cairo-0:10. 100% |  10.3 MiB/s |  53.0 KiB |  00m00s
[33/63] Instaluję bzip2-devel-0:1.0.8- 100% |  50.6 MiB/s | 310.7 KiB |  00m00s
[34/63] Instaluję brotli-0:1.1.0-6.fc4 100% |   1.6 MiB/s |  32.3 KiB |  00m00s
[35/63] Instaluję brotli-devel-0:1.1.0 100% |  11.1 MiB/s |  68.0 KiB |  00m00s
[36/63] Instaluję libblkid-devel-0:2.4 100% |   9.0 MiB/s |  46.0 KiB |  00m00s
[37/63] Instaluję sysprof-capture-deve 100% |  38.6 MiB/s | 276.7 KiB |  00m00s
[38/63] Instaluję pcre2-utf32-0:10.45- 100% |  83.6 MiB/s | 599.1 KiB |  00m00s
[39/63] Instaluję pcre2-devel-0:10.45- 100% |  47.6 MiB/s |   2.1 MiB |  00m00s
[40/63] Instaluję libsepol-devel-0:3.8 100% |  12.5 MiB/s | 128.3 KiB |  00m00s
[41/63] Instaluję libselinux-devel-0:3 100% |   6.6 MiB/s | 161.6 KiB |  00m00s
[42/63] Instaluję libmount-devel-0:2.4 100% |  12.6 MiB/s |  64.5 KiB |  00m00s
[43/63] Instaluję perl-File-Compare-0: 100% |   1.2 MiB/s |   6.1 KiB |  00m00s
[44/63] Instaluję gettext-0:0.23.1-2.f 100% |  98.1 MiB/s |   5.2 MiB |  00m00s
[45/63] Instaluję m4-0:1.4.19-12.fc42. 100% |  22.4 MiB/s | 595.1 KiB |  00m00s
[46/63] Instaluję autoconf-0:2.72-5.fc 100% |  80.0 MiB/s |   2.8 MiB |  00m00s
[47/63] Instaluję automake-0:1.17-2.fc 100% |  46.5 MiB/s |   1.8 MiB |  00m00s
[48/63] Instaluję libtool-0:2.5.4-4.fc 100% |  94.7 MiB/s |   2.7 MiB |  00m00s
[49/63] Instaluję python3-markupsafe-0 100% |   8.4 MiB/s |  59.9 KiB |  00m00s
[50/63] Instaluję python3-mako-0:1.2.3 100% |  18.3 MiB/s | 730.1 KiB |  00m00s
[51/63] Instaluję python3-markdown-0:3 100% |  20.4 MiB/s | 710.6 KiB |  00m00s
[52/63] Instaluję mozjs128-devel-0:128 100% | 169.0 MiB/s |  22.5 MiB |  00m00s
[53/63] Instaluję python3-packaging-0: 100% |  39.6 MiB/s | 568.0 KiB |  00m00s
[54/63] Instaluję glib2-devel-0:2.84.2 100% | 169.2 MiB/s |  15.9 MiB |  00m00s
[55/63] Instaluję gobject-introspectio 100% |  56.0 MiB/s |   3.1 MiB |  00m00s
[56/63] Instaluję cairo-devel-0:1.18.2 100% | 114.5 MiB/s |   2.3 MiB |  00m00s
[57/63] Instaluję fontconfig-devel-0:2 100% |   6.0 MiB/s | 154.4 KiB |  00m00s
[58/63] Instaluję freetype-devel-0:2.1 100% | 122.0 MiB/s |   8.5 MiB |  00m00s
[59/63] Instaluję harfbuzz-devel-0:10. 100% |  89.5 MiB/s |   5.2 MiB |  00m00s
[60/63] Instaluję cairo-gobject-devel- 100% |   1.9 MiB/s |   7.6 KiB |  00m00s
[61/63] Instaluję gjs-devel-0:1.82.1-4 100% |  10.3 MiB/s |  94.6 KiB |  00m00s
[62/63] Instaluję python3-beaker-0:1.1 100% |  28.8 MiB/s | 500.5 KiB |  00m00s
[63/63] Instaluję python3-crypto-0:2.6 100% |   1.4 MiB/s |   2.3 MiB |  00m02s
Ukończono!
Aktualizowanie i ładowanie repozytoriów:
Załadowano repozytoria.
Pakiet                   Arch.  Wersja          Repozytorium   Rozmiar
Instalowanie:
 gtk3-devel              x86_64 3.24.49-2.fc42  fedora        34.1 MiB
Instalowanie zależności:
 at-spi2-atk-devel       x86_64 2.56.2-1.fc42   updates        1.6 KiB
 at-spi2-core-devel      x86_64 2.56.2-1.fc42   updates        4.3 MiB
 atk-devel               x86_64 2.56.2-1.fc42   updates        5.9 MiB
 dbus-devel              x86_64 1:1.16.0-3.fc42 fedora       131.7 KiB
 fribidi-devel           x86_64 1.0.16-2.fc42   fedora        78.0 KiB
 gdk-pixbuf2-devel       x86_64 2.42.12-10.fc42 fedora         2.3 MiB
 libXcomposite-devel     x86_64 0.4.6-5.fc42    fedora         8.0 KiB
 libXcursor-devel        x86_64 1.2.3-2.fc42    fedora        22.7 KiB
 libXdamage-devel        x86_64 1.1.6-5.fc42    fedora         2.5 KiB
 libXfixes-devel         x86_64 6.0.1-5.fc42    fedora         9.2 KiB
 libXft-devel            x86_64 2.3.8-8.fc42    fedora        31.7 KiB
 libXi-devel             x86_64 1.8.2-2.fc42    fedora       132.5 KiB
 libXinerama-devel       x86_64 1.1.5-8.fc42    fedora         7.0 KiB
 libXrandr-devel         x86_64 1.5.4-5.fc42    fedora        21.8 KiB
 libXtst-devel           x86_64 1.2.5-2.fc42    fedora        11.6 KiB
 libcloudproviders-devel x86_64 0.3.6-1.fc42    fedora       375.4 KiB
 libdatrie-devel         x86_64 0.2.13-11.fc42  fedora       597.7 KiB
 libepoxy-devel          x86_64 1.5.10-9.fc42   fedora         1.6 MiB
 libglvnd-core-devel     x86_64 1:1.7.0-7.fc42  fedora        40.3 KiB
 libglvnd-devel          x86_64 1:1.7.0-7.fc42  fedora         2.1 MiB
 libjpeg-turbo-devel     x86_64 3.1.0-2.fc42    fedora       353.9 KiB
 liblerc-devel           x86_64 4.0.0-8.fc42    fedora         4.3 MiB
 libthai-devel           x86_64 0.1.29-10.fc42  fedora       700.9 KiB
 libtiff-devel           x86_64 4.7.0-3.fc42    fedora       761.9 KiB
 libwebp-devel           x86_64 1.5.0-2.fc42    fedora       121.2 KiB
 libxkbcommon-devel      x86_64 1.8.1-1.fc42    fedora       358.8 KiB
 libzstd-devel           x86_64 1.5.7-1.fc42    fedora       208.0 KiB
 pango-devel             x86_64 1.56.3-1.fc42   fedora         1.5 MiB
 redhat-display-fonts    noarch 4.1.0-1.fc42    fedora       963.9 KiB
 redhat-text-fonts       noarch 4.1.0-1.fc42    fedora       788.2 KiB
 systemd-devel           x86_64 257.6-1.fc42    updates      612.3 KiB
 wayland-devel           x86_64 1.23.1-1.fc42   updates      679.0 KiB
Instalowanie słabych zależności:
 gi-docgen-fonts         noarch 2025.3-1.fc42   fedora         0.0   B

Podsumowanie transakcji:
 Instalowanie:                         34 pakietów

Całkowity rozmiar pakietów przychodzących wynosi 12 MiB. Należy pobrać 12 MiB.
Po tej operacji zostanie użyte dodatkowo 63 MiB (zainstaluje 63 MiB, usunie 0 B).
[ 1/34] at-spi2-atk-devel-0:2.56.2-1.fc 100% | 122.8 KiB/s |  10.8 KiB |  00m00s
[ 2/34] wayland-devel-0:1.23.1-1.fc42.x 100% |   1.5 MiB/s | 152.1 KiB |  00m00s
[ 3/34] fribidi-devel-0:1.0.16-2.fc42.x 100% | 266.2 KiB/s |  29.5 KiB |  00m00s
[ 4/34] libXcursor-devel-0:1.2.3-2.fc42 100% |   1.3 MiB/s |  39.7 KiB |  00m00s
[ 5/34] libXdamage-devel-0:1.1.6-5.fc42 100% | 566.1 KiB/s |   9.6 KiB |  00m00s
[ 6/34] libXfixes-devel-0:6.0.1-5.fc42. 100% | 603.7 KiB/s |  12.7 KiB |  00m00s
[ 7/34] atk-devel-0:2.56.2-1.fc42.x86_6 100% |   2.3 MiB/s | 443.6 KiB |  00m00s
[ 8/34] gdk-pixbuf2-devel-0:2.42.12-10. 100% |   2.5 MiB/s | 367.4 KiB |  00m00s
[ 9/34] libXi-devel-0:1.8.2-2.fc42.x86_ 100% |   2.1 MiB/s | 116.0 KiB |  00m00s
[10/34] libXrandr-devel-0:1.5.4-5.fc42. 100% |   1.2 MiB/s |  19.4 KiB |  00m00s
[11/34] libXcomposite-devel-0:0.4.6-5.f 100% | 104.3 KiB/s |  16.0 KiB |  00m00s
[12/34] libcloudproviders-devel-0:0.3.6 100% |   2.4 MiB/s |  49.2 KiB |  00m00s
[13/34] libepoxy-devel-0:1.5.10-9.fc42. 100% |   3.0 MiB/s | 133.3 KiB |  00m00s
[14/34] pango-devel-0:1.56.3-1.fc42.x86 100% |   1.8 MiB/s | 161.2 KiB |  00m00s
[15/34] libjpeg-turbo-devel-0:3.1.0-2.f 100% |   1.7 MiB/s |  97.6 KiB |  00m00s
[16/34] libXinerama-devel-0:1.1.5-8.fc4 100% |  75.2 KiB/s |  13.2 KiB |  00m00s
[17/34] libxkbcommon-devel-0:1.8.1-1.fc 100% | 583.1 KiB/s |  68.2 KiB |  00m00s
[18/34] dbus-devel-1:1.16.0-3.fc42.x86_ 100% |   1.5 MiB/s |  39.1 KiB |  00m00s
[19/34] libtiff-devel-0:4.7.0-3.fc42.x8 100% |   3.3 MiB/s | 268.2 KiB |  00m00s
[20/34] libXft-devel-0:2.3.8-8.fc42.x86 100% | 741.7 KiB/s |  49.7 KiB |  00m00s
[21/34] at-spi2-core-devel-0:2.56.2-1.f 100% |   2.8 MiB/s | 340.3 KiB |  00m00s
[22/34] libthai-devel-0:0.1.29-10.fc42. 100% |   1.8 MiB/s | 147.1 KiB |  00m00s
[23/34] libwebp-devel-0:1.5.0-2.fc42.x8 100% | 902.9 KiB/s |  39.7 KiB |  00m00s
[24/34] libdatrie-devel-0:0.2.13-11.fc4 100% |   2.9 MiB/s | 156.0 KiB |  00m00s
[25/34] libglvnd-core-devel-1:1.7.0-7.f 100% | 668.5 KiB/s |  17.4 KiB |  00m00s
[26/34] libzstd-devel-0:1.5.7-1.fc42.x8 100% | 610.3 KiB/s |  53.1 KiB |  00m00s
[27/34] libXtst-devel-0:1.2.5-2.fc42.x8 100% | 611.1 KiB/s |  15.9 KiB |  00m00s
[28/34] libglvnd-devel-1:1.7.0-7.fc42.x 100% |   1.4 MiB/s | 161.8 KiB |  00m00s
[29/34] gi-docgen-fonts-0:2025.3-1.fc42 100% | 238.1 KiB/s |   8.6 KiB |  00m00s
[30/34] redhat-text-fonts-0:4.1.0-1.fc4 100% |   1.7 MiB/s | 483.2 KiB |  00m00s
[31/34] gtk3-devel-0:3.24.49-2.fc42.x86 100% |   4.6 MiB/s |   4.3 MiB |  00m01s
[32/34] systemd-devel-0:257.6-1.fc42.x8 100% |   1.4 MiB/s | 679.9 KiB |  00m00s
[33/34] redhat-display-fonts-0:4.1.0-1. 100% | 972.6 KiB/s | 555.4 KiB |  00m01s
[34/34] liblerc-devel-0:4.0.0-8.fc42.x8 100% |   3.4 MiB/s |   3.2 MiB |  00m01s
--------------------------------------------------------------------------------
[34/34] Razem                           100% |   4.8 MiB/s |  12.1 MiB |  00m03s
Wykonywanie transakcji
[ 1/36] Weryfikowanie plików pakietu   100% | 790.0   B/s |  34.0   B |  00m00s
[ 2/36] Przygotowywanie transakcji      100% | 184.0   B/s |  34.0   B |  00m00s
[ 3/36] Instaluję libXfixes-devel-0:6. 100% | 618.4 KiB/s |   9.9 KiB |  00m00s
[ 4/36] Instaluję libXi-devel-0:1.8.2- 100% |  10.1 MiB/s | 144.6 KiB |  00m00s
[ 5/36] Instaluję libjpeg-turbo-devel- 100% |  49.7 MiB/s | 356.5 KiB |  00m00s
[ 6/36] Instaluję fribidi-devel-0:1.0. 100% |  11.4 MiB/s |  81.9 KiB |  00m00s
[ 7/36] Instaluję atk-devel-0:2.56.2-1 100% |  69.4 MiB/s |   6.0 MiB |  00m00s
[ 8/36] Instaluję libXtst-devel-0:1.2. 100% |   2.3 MiB/s |  14.0 KiB |  00m00s
[ 9/36] Instaluję libXcomposite-devel- 100% |   1.7 MiB/s |  10.5 KiB |  00m00s
[10/36] Instaluję libXcursor-devel-0:1 100% |   3.2 MiB/s |  32.8 KiB |  00m00s
[11/36] Instaluję libXdamage-devel-0:1 100% | 766.6 KiB/s |   3.1 KiB |  00m00s
[12/36] Instaluję redhat-text-fonts-0: 100% |  77.3 MiB/s | 791.5 KiB |  00m00s
[13/36] Instaluję redhat-display-fonts 100% |  78.8 MiB/s | 968.0 KiB |  00m00s
[14/36] Instaluję systemd-devel-0:257. 100% |   9.6 MiB/s | 744.1 KiB |  00m00s
[15/36] Instaluję dbus-devel-1:1.16.0- 100% |  16.7 MiB/s | 136.5 KiB |  00m00s
[16/36] Instaluję at-spi2-core-devel-0 100% |  67.8 MiB/s |   4.3 MiB |  00m00s
[17/36] Instaluję at-spi2-atk-devel-0: 100% | 543.9 KiB/s |   2.2 KiB |  00m00s
[18/36] Instaluję libglvnd-core-devel- 100% |  10.0 MiB/s |  41.1 KiB |  00m00s
[19/36] Instaluję libglvnd-devel-1:1.7 100% | 176.7 MiB/s |   2.1 MiB |  00m00s
[20/36] Instaluję libepoxy-devel-0:1.5 100% | 198.7 MiB/s |   1.6 MiB |  00m00s
[21/36] Instaluję libdatrie-devel-0:0. 100% |  19.2 MiB/s | 609.8 KiB |  00m00s
[22/36] Instaluję libthai-devel-0:0.1. 100% |  39.0 MiB/s | 718.0 KiB |  00m00s
[23/36] Instaluję libzstd-devel-0:1.5. 100% |  40.8 MiB/s | 208.8 KiB |  00m00s
[24/36] Instaluję libwebp-devel-0:1.5. 100% |  17.4 MiB/s | 124.9 KiB |  00m00s
[25/36] Instaluję liblerc-devel-0:4.0. 100% | 268.0 MiB/s |   4.3 MiB |  00m00s
[26/36] Instaluję libtiff-devel-0:4.7. 100% |  58.0 MiB/s | 772.7 KiB |  00m00s
[27/36] Instaluję gdk-pixbuf2-devel-0: 100% |  46.1 MiB/s |   2.3 MiB |  00m00s
[28/36] Instaluję libXft-devel-0:2.3.8 100% |   3.9 MiB/s |  44.3 KiB |  00m00s
[29/36] Instaluję pango-devel-0:1.56.3 100% | 126.4 MiB/s |   1.5 MiB |  00m00s
[30/36] Instaluję libxkbcommon-devel-0 100% |  58.7 MiB/s | 360.5 KiB |  00m00s
[31/36] Instaluję libcloudproviders-de 100% |  37.4 MiB/s | 382.5 KiB |  00m00s
[32/36] Instaluję libXrandr-devel-0:1. 100% |   4.0 MiB/s |  24.7 KiB |  00m00s
[33/36] Instaluję libXinerama-devel-0: 100% |   1.7 MiB/s |   8.5 KiB |  00m00s
[34/36] Instaluję wayland-devel-0:1.23 100% |  24.0 MiB/s | 687.4 KiB |  00m00s
[35/36] Instaluję gtk3-devel-0:3.24.49 100% | 200.2 MiB/s |  34.2 MiB |  00m00s
[36/36] Instaluję gi-docgen-fonts-0:20 100% | 133.0   B/s | 124.0   B |  00m01s
Ukończono!
Aktualizowanie i ładowanie repozytoriów:
Załadowano repozytoria.
Pakiet     Arch.  Wersja       Repozytorium   Rozmiar
Instalowanie:
 pam-devel x86_64 1.7.0-5.fc42 updates      165.3 KiB

Podsumowanie transakcji:
 Instalowanie:                          1 pakietu

Całkowity rozmiar pakietów przychodzących wynosi 106 KiB. Należy pobrać 106 KiB.
Po tej operacji zostanie użyte dodatkowo 165 KiB (zainstaluje 165 KiB, usunie 0 B).
[1/1] pam-devel-0:1.7.0-5.fc42.x86_64   100% |   1.6 MiB/s | 106.0 KiB |  00m00s
--------------------------------------------------------------------------------
[1/1] Razem                             100% | 166.2 KiB/s | 106.0 KiB |  00m01s
Wykonywanie transakcji
[1/3] Weryfikowanie plików pakietu     100% |   1.0 KiB/s |   1.0   B |  00m00s
[2/3] Przygotowywanie transakcji        100% |  13.0   B/s |   1.0   B |  00m00s
[3/3] Instaluję pam-devel-0:1.7.0-5.fc 100% | 673.3 KiB/s | 174.4 KiB |  00m00s
Ukończono!
Aktualizowanie i ładowanie repozytoriów:
Załadowano repozytoria.
Pakiet                 Arch.  Wersja      Repozytorium   Rozmiar
Instalowanie:
 pulseaudio-libs-devel x86_64 17.0-5.fc42 fedora         4.9 MiB

Podsumowanie transakcji:
 Instalowanie:                          1 pakietu

Całkowity rozmiar pakietów przychodzących wynosi 471 KiB. Należy pobrać 471 KiB.
Po tej operacji zostanie użyte dodatkowo 5 MiB (zainstaluje 5 MiB, usunie 0 B).
[1/1] pulseaudio-libs-devel-0:17.0-5.fc 100% |   3.0 MiB/s | 470.5 KiB |  00m00s
--------------------------------------------------------------------------------
[1/1] Razem                             100% | 604.8 KiB/s | 470.5 KiB |  00m01s
Wykonywanie transakcji
[1/3] Weryfikowanie plików pakietu     100% | 250.0   B/s |   1.0   B |  00m00s
[2/3] Przygotowywanie transakcji        100% |  12.0   B/s |   1.0   B |  00m00s
[3/3] Instaluję pulseaudio-libs-devel- 100% |  16.5 MiB/s |   5.0 MiB |  00m00s
Ukończono!
